6/12 1:5:11|ChomeSnapShotUtil|run|Exception in getting snapshot for url = http://10.10.30.2:81/tours/index.html|Following is the stack trace:
java.lang.IllegalArgumentException: image == null!
	at javax.imageio.ImageTypeSpecifier.createFromRenderedImage(Unknown Source)
	at javax.imageio.ImageIO.getWriter(Unknown Source)
	at javax.imageio.ImageIO.write(Unknown Source)
	at com.netstorm.chromium.util.ChromeSnapShotUtil.run(ChromeSnapShotUtil.java:127)
	at java.lang.Thread.run(Unknown Source)
6/12 1:5:59|ChromeUtils|getScreenShot|Exception in getting snapshot for url = https://clients1.google.com/tbproxy/af/query?client=Chromium|Following is the stack trace:
java.lang.NullPointerException
	at com.netstorm.chromium.util.ChromeUtils.getChomeScreenShot(ChromeUtils.java:93)
	at com.netstorm.chromium.browser.ChromeRecordingHttpListener.checkSplitTypeAndCaptureSnapShotForRequest(ChromeRecordingHttpListener.java:782)
	at com.netstorm.chromium.browser.ChromeRecordingHttpListener.dumpRequestHeaders(ChromeRecordingHttpListener.java:667)
	at com.netstorm.chromium.browser.ChromeRecordingHttpListener.onBeforeSendHeaders(ChromeRecordingHttpListener.java:200)
	at com.teamdev.jxbrowser.chromium.NetworkService$a.onMessageReceived(SourceFile:1535)
	at com.teamdev.jxbrowser.chromium.internal.ipc.q.a(SourceFile:1085)
	at com.teamdev.jxbrowser.chromium.internal.ipc.r.run(SourceFile:69)
	at com.teamdev.jxbrowser.chromium.internal.s.run(SourceFile:79)
	at java.util.concurrent.Executors$RunnableAdapter.call(Unknown Source)
	at java.util.concurrent.FutureTask.run(Unknown Source)
	at java.util.concurrent.ThreadPoolExecutor.runWorker(Unknown Source)
	at java.util.concurrent.ThreadPoolExecutor$Worker.run(Unknown Source)
	at java.lang.Thread.run(Unknown Source)
	at com.teamdev.jxbrowser.chromium.internal.GuardedThread.run(SourceFile:35)
6/12 1:5:59|ChromeUtils|getScreenShot|Exception in getting snapshot for url = https://clients1.google.com/tbproxy/af/query?client=Chromium|Following is the stack trace:
java.lang.NullPointerException
	at com.netstorm.chromium.util.ChromeUtils.getChomeScreenShot(ChromeUtils.java:93)
	at com.netstorm.chromium.browser.ChromeRecordingHttpListener.checkSplitOptionAndCaptureSnapShotForResponse(ChromeRecordingHttpListener.java:940)
	at com.netstorm.chromium.browser.ChromeRecordingHttpListener.dumpResponseHeaders(ChromeRecordingHttpListener.java:913)
	at com.netstorm.chromium.browser.ChromeRecordingHttpListener.onHeadersReceived(ChromeRecordingHttpListener.java:288)
	at com.teamdev.jxbrowser.chromium.NetworkService$a.onMessageReceived(SourceFile:1608)
	at com.teamdev.jxbrowser.chromium.internal.ipc.q.a(SourceFile:1085)
	at com.teamdev.jxbrowser.chromium.internal.ipc.r.run(SourceFile:69)
	at com.teamdev.jxbrowser.chromium.internal.s.run(SourceFile:79)
	at java.util.concurrent.Executors$RunnableAdapter.call(Unknown Source)
	at java.util.concurrent.FutureTask.run(Unknown Source)
	at java.util.concurrent.ThreadPoolExecutor.runWorker(Unknown Source)
	at java.util.concurrent.ThreadPoolExecutor$Worker.run(Unknown Source)
	at java.lang.Thread.run(Unknown Source)
	at com.teamdev.jxbrowser.chromium.internal.GuardedThread.run(SourceFile:35)
6/12 1:6:25|ChromeUtils|getScreenShot|Exception in getting snapshot for url = https://clients1.google.com/tbproxy/af/query?client=Chromium|Following is the stack trace:
java.lang.NullPointerException
	at com.netstorm.chromium.util.ChromeUtils.getChomeScreenShot(ChromeUtils.java:93)
	at com.netstorm.chromium.browser.ChromeRecordingHttpListener.checkSplitOptionAndCaptureSnapShotForResponse(ChromeRecordingHttpListener.java:940)
	at com.netstorm.chromium.browser.ChromeRecordingHttpListener.dumpResponseHeaders(ChromeRecordingHttpListener.java:913)
	at com.netstorm.chromium.browser.ChromeRecordingHttpListener.onHeadersReceived(ChromeRecordingHttpListener.java:288)
	at com.teamdev.jxbrowser.chromium.NetworkService$a.onMessageReceived(SourceFile:1608)
	at com.teamdev.jxbrowser.chromium.internal.ipc.q.a(SourceFile:1085)
	at com.teamdev.jxbrowser.chromium.internal.ipc.r.run(SourceFile:69)
	at com.teamdev.jxbrowser.chromium.internal.s.run(SourceFile:79)
	at java.util.concurrent.Executors$RunnableAdapter.call(Unknown Source)
	at java.util.concurrent.FutureTask.run(Unknown Source)
	at java.util.concurrent.ThreadPoolExecutor.runWorker(Unknown Source)
	at java.util.concurrent.ThreadPoolExecutor$Worker.run(Unknown Source)
	at java.lang.Thread.run(Unknown Source)
	at com.teamdev.jxbrowser.chromium.internal.GuardedThread.run(SourceFile:35)
6/12 1:7:29|ScriptDefaultExceptionHandler|uncaughtException|Caught an unhandled exception - EDT Exception in AWT-EventQueue-2|Following is the stack trace:
java.lang.Exception: java.lang.IllegalStateException: Failed to send message. Channel is already closed. CanGoForwardMessage{type=CanGoForward, uid=4787, goForward=false
	at pacAction.ScriptDefaultExceptionHandler.uncaughtException(ScriptDefaultExceptionHandler.java:20)
	at java.lang.ThreadGroup.uncaughtException(Unknown Source)
	at java.lang.ThreadGroup.uncaughtException(Unknown Source)
	at java.awt.EventDispatchThread.processException(Unknown Source)
	at java.awt.EventDispatchThread.pumpOneEventForFilters(Unknown Source)
	at java.awt.EventDispatchThread.pumpEventsForFilter(Unknown Source)
	at java.awt.EventDispatchThread.pumpEventsForHierarchy(Unknown Source)
	at java.awt.EventDispatchThread.pumpEvents(Unknown Source)
	at java.awt.EventDispatchThread.pumpEvents(Unknown Source)
	at java.awt.EventDispatchThread.run(Unknown Source)
Caused by: java.lang.IllegalStateException: Failed to send message. Channel is already closed. CanGoForwardMessage{type=CanGoForward, uid=4787, goForward=false
	at com.teamdev.jxbrowser.chromium.internal.ipc.MemoryChannelWriter.write(SourceFile:54)
	at com.teamdev.jxbrowser.chromium.internal.ipc.SocketChannel.post(SourceFile:204)
	at com.teamdev.jxbrowser.chromium.Browser.b(SourceFile:627)
	at com.teamdev.jxbrowser.chromium.Browser.canGoForward(SourceFile:2394)
	at com.netstorm.chromium.tabbedFactory.ChromeToolBar$2$2.run(ChromeToolBar.java:188)
	at java.awt.event.InvocationEvent.dispatch(Unknown Source)
	at java.awt.EventQueue.dispatchEventImpl(Unknown Source)
	at java.awt.EventQueue.access$500(Unknown Source)
	at java.awt.EventQueue$3.run(Unknown Source)
	at java.awt.EventQueue$3.run(Unknown Source)
	at java.security.AccessController.doPrivileged(Native Method)
	at java.security.ProtectionDomain$JavaSecurityAccessImpl.doIntersectionPrivilege(Unknown Source)
	at java.awt.EventQueue.dispatchEvent(Unknown Source)
	... 6 more
