4/9 7:4:9|ScriptStopForCType|onPageStart|This is Ungrouped Request page so this is ignored
4/9 7:4:9|ScriptDefaultExceptionHandler|uncaughtException|Caught an unhandled exception - Non-EDT Exception in AWT-EventQueue-0|Following is the stack trace:
java.lang.Exception: java.lang.NullPointerException
	at ScriptDefaultExceptionHandler$1.run(ScriptDefaultExceptionHandler.java:26)
	at java.awt.event.InvocationEvent.dispatch(Unknown Source)
	at java.awt.EventQueue.dispatchEventImpl(Unknown Source)
	at java.awt.EventQueue.access$000(Unknown Source)
	at java.awt.EventQueue$1.run(Unknown Source)
	at java.awt.EventQueue$1.run(Unknown Source)
	at java.security.AccessController.doPrivileged(Native Method)
	at java.security.AccessControlContext$1.doIntersectionPrivilege(Unknown Source)
	at java.awt.EventQueue.dispatchEvent(Unknown Source)
	at java.awt.EventDispatchThread.pumpOneEventForFilters(Unknown Source)
	at java.awt.EventDispatchThread.pumpEventsForFilter(Unknown Source)
	at java.awt.EventDispatchThread.pumpEventsForHierarchy(Unknown Source)
	at java.awt.EventDispatchThread.pumpEvents(Unknown Source)
	at java.awt.EventDispatchThread.pumpEvents(Unknown Source)
	at java.awt.EventDispatchThread.run(Unknown Source)
Caused by: java.lang.NullPointerException
	at javax.swing.text.JTextComponent.getSelectionStart(Unknown Source)
	at javax.swing.text.PlainView.paint(Unknown Source)
	at javax.swing.plaf.basic.BasicTextUI$RootView.paint(Unknown Source)
	at javax.swing.plaf.basic.BasicTextUI.paintSafely(Unknown Source)
	at javax.swing.plaf.basic.BasicTextUI.paint(Unknown Source)
	at javax.swing.plaf.basic.BasicTextUI.update(Unknown Source)
	at javax.swing.JComponent.paintComponent(Unknown Source)
	at javax.swing.JComponent.paint(Unknown Source)
	at javax.swing.JComponent.paintChildren(Unknown Source)
	at javax.swing.JComponent.paint(Unknown Source)
	at javax.swing.JViewport.paint(Unknown Source)
	at javax.swing.JComponent.paintChildren(Unknown Source)
	at javax.swing.JComponent.paint(Unknown Source)
	at javax.swing.JComponent.paintToOffscreen(Unknown Source)
	at javax.swing.RepaintManager$PaintManager.paintDoubleBuffered(Unknown Source)
	at javax.swing.RepaintManager$PaintManager.paint(Unknown Source)
	at javax.swing.RepaintManager.paint(Unknown Source)
	at javax.swing.JComponent._paintImmediately(Unknown Source)
	at javax.swing.JComponent.paintImmediately(Unknown Source)
	at javax.swing.RepaintManager.paintDirtyRegions(Unknown Source)
	at javax.swing.RepaintManager.paintDirtyRegions(Unknown Source)
	at javax.swing.RepaintManager.prePaintDirtyRegions(Unknown Source)
	at javax.swing.RepaintManager.access$700(Unknown Source)
	at javax.swing.RepaintManager$ProcessingRunnable.run(Unknown Source)
	... 14 more
