2/18 0:36:13|ScriptDefaultExceptionHandler|uncaughtException|Caught an unhandled exception - Non-EDT Exception in Thread-38|Following is the stack trace:
java.lang.Exception: java.lang.IllegalArgumentException: image == null!
	at pacAction.ScriptDefaultExceptionHandler$1.run(ScriptDefaultExceptionHandler.java:28)
	at java.awt.event.InvocationEvent.dispatch(Unknown Source)
	at java.awt.EventQueue.dispatchEventImpl(Unknown Source)
	at java.awt.EventQueue.access$500(Unknown Source)
	at java.awt.EventQueue$3.run(Unknown Source)
	at java.awt.EventQueue$3.run(Unknown Source)
	at java.security.AccessController.doPrivileged(Native Method)
	at java.security.ProtectionDomain$JavaSecurityAccessImpl.doIntersectionPrivilege(Unknown Source)
	at java.awt.EventQueue.dispatchEvent(Unknown Source)
	at java.awt.EventDispatchThread.pumpOneEventForFilters(Unknown Source)
	at java.awt.EventDispatchThread.pumpEventsForFilter(Unknown Source)
	at java.awt.EventDispatchThread.pumpEventsForHierarchy(Unknown Source)
	at java.awt.EventDispatchThread.pumpEvents(Unknown Source)
	at java.awt.EventDispatchThread.pumpEvents(Unknown Source)
	at java.awt.EventDispatchThread.run(Unknown Source)
Caused by: java.lang.IllegalArgumentException: image == null!
	at javax.imageio.ImageTypeSpecifier.createFromRenderedImage(Unknown Source)
	at javax.imageio.ImageIO.getWriter(Unknown Source)
	at javax.imageio.ImageIO.write(Unknown Source)
	at com.netstorm.chromium.util.ChromeSnapShotUtil.run(ChromeSnapShotUtil.java:111)
	at java.lang.Thread.run(Unknown Source)
2/18 0:55:42|ChormeParserForMainURLDump|updateUrlOfEmbeddedUrlsOfWebpageDump|Main url dump file is not existing. Dump file Name = index.html
2/18 0:55:42|ChormeParserForMainURLDump|updateUrlOfEmbeddedUrlsOfWebpageDump|Main url dump file is not existing. Dump file Name = storeDetails_jsp.html
2/18 0:55:42|ChormeParserForMainURLDump|updateUrlOfEmbeddedUrlsOfWebpageDump|Main url dump file is not existing. Dump file Name = storeDetails_jsp_2.html
2/18 0:55:42|ChormeParserForMainURLDump|updateUrlOfEmbeddedUrlsOfWebpageDump|Main url dump file is not existing. Dump file Name = datalayer.html
2/18 0:55:43|ChormeParserForMainURLDump|updateUrlOfEmbeddedUrlsOfWebpageDump|Main url dump file is not existing. Dump file Name = campaignConfig_json.html
2/18 0:55:43|ChormeParserForMainURLDump|updateUrlOfEmbeddedUrlsOfWebpageDump|Main url dump file is not existing. Dump file Name = certonaPriceData_jsp.html
2/18 0:55:43|ChormeParserForMainURLDump|updateUrlOfEmbeddedUrlsOfWebpageDump|Main url dump file is not existing. Dump file Name = certonaPriceData_jsp_2.html
2/18 0:55:43|ChormeParserForMainURLDump|updateUrlOfEmbeddedUrlsOfWebpageDump|Main url dump file is not existing. Dump file Name = certonaPriceData_jsp_3.html
2/18 0:55:43|ChormeParserForMainURLDump|updateUrlOfEmbeddedUrlsOfWebpageDump|Main url dump file is not existing. Dump file Name = certonaPriceData_jsp_4.html
2/18 0:55:43|ChormeParserForMainURLDump|updateUrlOfEmbeddedUrlsOfWebpageDump|Main url dump file is not existing. Dump file Name = certonaPriceData_jsp_5.html
2/18 0:55:43|ChormeParserForMainURLDump|updateUrlOfEmbeddedUrlsOfWebpageDump|Main url dump file is not existing. Dump file Name = certonaPriceData_jsp_6.html
2/18 0:55:43|ChormeParserForMainURLDump|updateUrlOfEmbeddedUrlsOfWebpageDump|Main url dump file is not existing. Dump file Name = certonaPriceData_jsp_7.html
2/18 0:55:43|ChormeParserForMainURLDump|updateUrlOfEmbeddedUrlsOfWebpageDump|Main url dump file is not existing. Dump file Name = certonaPriceData_jsp_8.html
2/18 0:55:43|ChormeParserForMainURLDump|updateUrlOfEmbeddedUrlsOfWebpageDump|Main url dump file is not existing. Dump file Name = certonaPriceData_jsp_9.html
2/18 0:55:43|ChormeParserForMainURLDump|updateUrlOfEmbeddedUrlsOfWebpageDump|Main url dump file is not existing. Dump file Name = certonaPriceData_jsp_10.html
2/18 0:55:43|ChormeParserForMainURLDump|updateUrlOfEmbeddedUrlsOfWebpageDump|Main url dump file is not existing. Dump file Name = certonaPriceData_jsp_11.html
2/18 0:55:43|ChormeParserForMainURLDump|updateUrlOfEmbeddedUrlsOfWebpageDump|Main url dump file is not existing. Dump file Name = certonaPriceData_jsp_12.html
2/18 0:55:43|ChormeParserForMainURLDump|updateUrlOfEmbeddedUrlsOfWebpageDump|Main url dump file is not existing. Dump file Name = certonaPriceData_jsp_13.html
2/18 0:55:43|ChormeParserForMainURLDump|updateUrlOfEmbeddedUrlsOfWebpageDump|Main url dump file is not existing. Dump file Name = certonaPriceData_jsp_14.html
2/18 0:55:43|ChormeParserForMainURLDump|updateUrlOfEmbeddedUrlsOfWebpageDump|Main url dump file is not existing. Dump file Name = certonaPriceData_jsp_15.html
2/18 0:55:44|ChormeParserForMainURLDump|updateUrlOfEmbeddedUrlsOfWebpageDump|Main url dump file is not existing. Dump file Name = jcpenney_bopis_json.html
2/18 0:55:44|ChormeParserForMainURLDump|updateUrlOfEmbeddedUrlsOfWebpageDump|Main url dump file is not existing. Dump file Name = id.html
2/18 0:55:44|ChormeParserForMainURLDump|updateUrlOfEmbeddedUrlsOfWebpageDump|Main url dump file is not existing. Dump file Name = index_3.html
2/18 0:55:44|ChormeParserForMainURLDump|updateUrlOfEmbeddedUrlsOfWebpageDump|Main url dump file is not existing. Dump file Name = X8507821.html
2/18 0:55:44|ChormeParserForMainURLDump|updateUrlOfEmbeddedUrlsOfWebpageDump|Main url dump file is not existing. Dump file Name = test_rum.html
2/18 0:55:44|ChormeParserForMainURLDump|updateUrlOfEmbeddedUrlsOfWebpageDump|Main url dump file is not existing. Dump file Name = test_rum_2.html
2/18 0:55:44|ChormeParserForMainURLDump|updateUrlOfEmbeddedUrlsOfWebpageDump|Main url dump file is not existing. Dump file Name = X8507821_2.html
2/18 0:55:44|ChormeParserForMainURLDump|updateUrlOfEmbeddedUrlsOfWebpageDump|Main url dump file is not existing. Dump file Name = X8507821_3.html
2/18 0:55:44|ChormeParserForMainURLDump|updateUrlOfEmbeddedUrlsOfWebpageDump|Main url dump file is not existing. Dump file Name = X8507821_4.html
2/18 0:55:44|ChormeParserForMainURLDump|updateUrlOfEmbeddedUrlsOfWebpageDump|Main url dump file is not existing. Dump file Name = X8507821_5.html
2/18 0:55:44|ChormeParserForMainURLDump|updateUrlOfEmbeddedUrlsOfWebpageDump|Main url dump file is not existing. Dump file Name = X8507821_6.html
2/18 0:55:44|ChormeParserForMainURLDump|updateUrlOfEmbeddedUrlsOfWebpageDump|Main url dump file is not existing. Dump file Name = X8507821_7.html
2/18 0:55:44|ChormeParserForMainURLDump|updateUrlOfEmbeddedUrlsOfWebpageDump|Main url dump file is not existing. Dump file Name = X8507821_8.html
2/18 0:55:44|ChormeParserForMainURLDump|updateUrlOfEmbeddedUrlsOfWebpageDump|Main url dump file is not existing. Dump file Name = X8507821_9.html
2/18 0:55:45|ChormeParserForMainURLDump|updateUrlOfEmbeddedUrlsOfWebpageDump|Main url dump file is not existing. Dump file Name = X8507821_10.html
2/18 0:55:45|ChormeParserForMainURLDump|updateUrlOfEmbeddedUrlsOfWebpageDump|Main url dump file is not existing. Dump file Name = X8507821_11.html
2/18 0:55:45|ChormeParserForMainURLDump|updateUrlOfEmbeddedUrlsOfWebpageDump|Main url dump file is not existing. Dump file Name = X8507821_12.html
2/18 0:55:45|ChormeParserForMainURLDump|updateUrlOfEmbeddedUrlsOfWebpageDump|Main url dump file is not existing. Dump file Name = contextChooser_jsp.html
2/18 0:55:45|ChormeParserForMainURLDump|updateUrlOfEmbeddedUrlsOfWebpageDump|Main url dump file is not existing. Dump file Name = X8507821_13.html
2/18 0:55:45|ChormeParserForMainURLDump|updateUrlOfEmbeddedUrlsOfWebpageDump|Main url dump file is not existing. Dump file Name = contextChooser_jsp_2.html
2/18 0:55:45|ChormeParserForMainURLDump|updateUrlOfEmbeddedUrlsOfWebpageDump|Main url dump file is not existing. Dump file Name = international_js.html
2/18 0:55:45|ChormeParserForMainURLDump|updateUrlOfEmbeddedUrlsOfWebpageDump|Main url dump file is not existing. Dump file Name = s2852248423609.html
2/18 0:55:45|ChormeParserForMainURLDump|updateUrlOfEmbeddedUrlsOfWebpageDump|Main url dump file is not existing. Dump file Name = X8507821_14.html
2/18 0:55:45|ChormeParserForMainURLDump|updateUrlOfEmbeddedUrlsOfWebpageDump|Main url dump file is not existing. Dump file Name = contextChooser_jsp_3.html
2/18 0:55:46|ChormeParserForMainURLDump|updateUrlOfEmbeddedUrlsOfWebpageDump|Main url dump file is not existing. Dump file Name = X8507821_15.html
2/18 0:55:46|ChormeParserForMainURLDump|updateUrlOfEmbeddedUrlsOfWebpageDump|Main url dump file is not existing. Dump file Name = index_2.html
2/18 0:55:46|ChormeParserForMainURLDump|updateUrlOfEmbeddedUrlsOfWebpageDump|Main url dump file is not existing. Dump file Name = storeDetails_jsp_3.html
2/18 0:55:47|ChormeParserForMainURLDump|updateUrlOfEmbeddedUrlsOfWebpageDump|Main url dump file is not existing. Dump file Name = storeDetails_jsp_4.html
2/18 0:55:47|ChormeParserForMainURLDump|updateUrlOfEmbeddedUrlsOfWebpageDump|Main url dump file is not existing. Dump file Name = datalayer_2.html
2/18 0:55:47|ChormeParserForMainURLDump|updateUrlOfEmbeddedUrlsOfWebpageDump|Main url dump file is not existing. Dump file Name = s25809819019999.html
2/18 0:55:47|ChormeParserForMainURLDump|updateUrlOfEmbeddedUrlsOfWebpageDump|Main url dump file is not existing. Dump file Name = campaignConfig_json_2.html
2/18 0:55:47|ChormeParserForMainURLDump|updateUrlOfEmbeddedUrlsOfWebpageDump|Main url dump file is not existing. Dump file Name = certonaPriceData_jsp_16.html
2/18 0:55:47|ChormeParserForMainURLDump|updateUrlOfEmbeddedUrlsOfWebpageDump|Main url dump file is not existing. Dump file Name = certonaPriceData_jsp_17.html
2/18 0:55:47|ChormeParserForMainURLDump|updateUrlOfEmbeddedUrlsOfWebpageDump|Main url dump file is not existing. Dump file Name = certonaPriceData_jsp_18.html
2/18 0:55:47|ChormeParserForMainURLDump|updateUrlOfEmbeddedUrlsOfWebpageDump|Main url dump file is not existing. Dump file Name = certonaPriceData_jsp_19.html
2/18 0:55:47|ChormeParserForMainURLDump|updateUrlOfEmbeddedUrlsOfWebpageDump|Main url dump file is not existing. Dump file Name = certonaPriceData_jsp_20.html
2/18 0:55:47|ChormeParserForMainURLDump|updateUrlOfEmbeddedUrlsOfWebpageDump|Main url dump file is not existing. Dump file Name = certonaPriceData_jsp_21.html
2/18 0:55:47|ChormeParserForMainURLDump|updateUrlOfEmbeddedUrlsOfWebpageDump|Main url dump file is not existing. Dump file Name = certonaPriceData_jsp_22.html
2/18 0:55:47|ChormeParserForMainURLDump|updateUrlOfEmbeddedUrlsOfWebpageDump|Main url dump file is not existing. Dump file Name = certonaPriceData_jsp_23.html
2/18 0:55:47|ChormeParserForMainURLDump|updateUrlOfEmbeddedUrlsOfWebpageDump|Main url dump file is not existing. Dump file Name = certonaPriceData_jsp_24.html
2/18 0:55:47|ChormeParserForMainURLDump|updateUrlOfEmbeddedUrlsOfWebpageDump|Main url dump file is not existing. Dump file Name = certonaPriceData_jsp_25.html
2/18 0:55:47|ChormeParserForMainURLDump|updateUrlOfEmbeddedUrlsOfWebpageDump|Main url dump file is not existing. Dump file Name = certonaPriceData_jsp_26.html
2/18 0:55:47|ChormeParserForMainURLDump|updateUrlOfEmbeddedUrlsOfWebpageDump|Main url dump file is not existing. Dump file Name = certonaPriceData_jsp_27.html
2/18 0:55:47|ChormeParserForMainURLDump|updateUrlOfEmbeddedUrlsOfWebpageDump|Main url dump file is not existing. Dump file Name = certonaPriceData_jsp_28.html
2/18 0:55:47|ChormeParserForMainURLDump|updateUrlOfEmbeddedUrlsOfWebpageDump|Main url dump file is not existing. Dump file Name = certonaPriceData_jsp_29.html
2/18 0:55:48|ChormeParserForMainURLDump|updateUrlOfEmbeddedUrlsOfWebpageDump|Main url dump file is not existing. Dump file Name = certonaPriceData_jsp_30.html
2/18 0:55:48|ChormeParserForMainURLDump|updateUrlOfEmbeddedUrlsOfWebpageDump|Main url dump file is not existing. Dump file Name = X8507821_16.html
2/18 0:55:48|ChormeParserForMainURLDump|updateUrlOfEmbeddedUrlsOfWebpageDump|Main url dump file is not existing. Dump file Name = X8507821_17.html
2/18 0:55:48|ChormeParserForMainURLDump|updateUrlOfEmbeddedUrlsOfWebpageDump|Main url dump file is not existing. Dump file Name = test_rum_3.html
2/18 0:55:48|ChormeParserForMainURLDump|updateUrlOfEmbeddedUrlsOfWebpageDump|Main url dump file is not existing. Dump file Name = test_rum_4.html
2/18 0:55:48|ChormeParserForMainURLDump|updateUrlOfEmbeddedUrlsOfWebpageDump|Main url dump file is not existing. Dump file Name = index_4.html
2/18 0:55:48|ChormeParserForMainURLDump|updateUrlOfEmbeddedUrlsOfWebpageDump|Main url dump file is not existing. Dump file Name = X8507821_18.html
2/18 0:55:48|ChormeParserForMainURLDump|updateUrlOfEmbeddedUrlsOfWebpageDump|Main url dump file is not existing. Dump file Name = X8507821_19.html
2/18 0:55:48|ChormeParserForMainURLDump|updateUrlOfEmbeddedUrlsOfWebpageDump|Main url dump file is not existing. Dump file Name = X8507821_20.html
2/18 0:55:48|ChormeParserForMainURLDump|updateUrlOfEmbeddedUrlsOfWebpageDump|Main url dump file is not existing. Dump file Name = X8507821_21.html
2/18 0:55:48|ChormeParserForMainURLDump|updateUrlOfEmbeddedUrlsOfWebpageDump|Main url dump file is not existing. Dump file Name = X8507821_22.html
2/18 0:55:48|ChormeParserForMainURLDump|updateUrlOfEmbeddedUrlsOfWebpageDump|Main url dump file is not existing. Dump file Name = X8507821_23.html
2/18 0:55:48|ChormeParserForMainURLDump|updateUrlOfEmbeddedUrlsOfWebpageDump|Main url dump file is not existing. Dump file Name = X8507821_24.html
2/18 0:55:48|ChormeParserForMainURLDump|updateUrlOfEmbeddedUrlsOfWebpageDump|Main url dump file is not existing. Dump file Name = X8507821_25.html
2/18 0:55:48|ChormeParserForMainURLDump|updateUrlOfEmbeddedUrlsOfWebpageDump|Main url dump file is not existing. Dump file Name = X8507821_26.html
2/18 0:55:48|ChormeParserForMainURLDump|updateUrlOfEmbeddedUrlsOfWebpageDump|Main url dump file is not existing. Dump file Name = X8507821_27.html
2/18 0:55:49|ChormeParserForMainURLDump|updateUrlOfEmbeddedUrlsOfWebpageDump|Main url dump file is not existing. Dump file Name = X8507821_28.html
2/18 0:55:49|ChormeParserForMainURLDump|updateUrlOfEmbeddedUrlsOfWebpageDump|Main url dump file is not existing. Dump file Name = X8507821_29.html
2/18 0:55:49|ChormeParserForMainURLDump|updateUrlOfEmbeddedUrlsOfWebpageDump|Main url dump file is not existing. Dump file Name = categoryHoverPanel_jsp.html
2/18 0:55:49|ChormeParserForMainURLDump|updateUrlOfEmbeddedUrlsOfWebpageDump|Main url dump file is not existing. Dump file Name = N_bwo3y.html
2/18 0:55:49|ChormeParserForMainURLDump|updateUrlOfEmbeddedUrlsOfWebpageDump|Main url dump file is not existing. Dump file Name = storeDetails_jsp_5.html
2/18 0:55:49|ChormeParserForMainURLDump|updateUrlOfEmbeddedUrlsOfWebpageDump|Main url dump file is not existing. Dump file Name = storeDetails_jsp_6.html
2/18 0:55:50|ChormeParserForMainURLDump|updateUrlOfEmbeddedUrlsOfWebpageDump|Main url dump file is not existing. Dump file Name = datalayer_3.html
2/18 0:55:50|ChormeParserForMainURLDump|updateUrlOfEmbeddedUrlsOfWebpageDump|Main url dump file is not existing. Dump file Name = campaignConfig_json_3.html
2/18 0:55:50|ChormeParserForMainURLDump|updateUrlOfEmbeddedUrlsOfWebpageDump|Main url dump file is not existing. Dump file Name = certonaPriceData_jsp_31.html
2/18 0:55:50|ChormeParserForMainURLDump|updateUrlOfEmbeddedUrlsOfWebpageDump|Main url dump file is not existing. Dump file Name = certonaPriceData_jsp_32.html
2/18 0:55:50|ChormeParserForMainURLDump|updateUrlOfEmbeddedUrlsOfWebpageDump|Main url dump file is not existing. Dump file Name = certonaPriceData_jsp_33.html
2/18 0:55:50|ChormeParserForMainURLDump|updateUrlOfEmbeddedUrlsOfWebpageDump|Main url dump file is not existing. Dump file Name = certonaPriceData_jsp_34.html
2/18 0:55:50|ChormeParserForMainURLDump|updateUrlOfEmbeddedUrlsOfWebpageDump|Main url dump file is not existing. Dump file Name = certonaPriceData_jsp_35.html
2/18 0:55:50|ChormeParserForMainURLDump|updateUrlOfEmbeddedUrlsOfWebpageDump|Main url dump file is not existing. Dump file Name = certonaPriceData_jsp_36.html
2/18 0:55:50|ChormeParserForMainURLDump|updateUrlOfEmbeddedUrlsOfWebpageDump|Main url dump file is not existing. Dump file Name = certonaPriceData_jsp_37.html
2/18 0:55:50|ChormeParserForMainURLDump|updateUrlOfEmbeddedUrlsOfWebpageDump|Main url dump file is not existing. Dump file Name = certonaPriceData_jsp_38.html
2/18 0:55:50|ChormeParserForMainURLDump|updateUrlOfEmbeddedUrlsOfWebpageDump|Main url dump file is not existing. Dump file Name = certonaPriceData_jsp_39.html
2/18 0:55:50|ChormeParserForMainURLDump|updateUrlOfEmbeddedUrlsOfWebpageDump|Main url dump file is not existing. Dump file Name = certonaPriceData_jsp_40.html
2/18 0:55:50|ChormeParserForMainURLDump|updateUrlOfEmbeddedUrlsOfWebpageDump|Main url dump file is not existing. Dump file Name = certonaPriceData_jsp_41.html
2/18 0:55:50|ChormeParserForMainURLDump|updateUrlOfEmbeddedUrlsOfWebpageDump|Main url dump file is not existing. Dump file Name = certonaPriceData_jsp_42.html
2/18 0:55:50|ChormeParserForMainURLDump|updateUrlOfEmbeddedUrlsOfWebpageDump|Main url dump file is not existing. Dump file Name = X8507821_30.html
2/18 0:55:50|ChormeParserForMainURLDump|updateUrlOfEmbeddedUrlsOfWebpageDump|Main url dump file is not existing. Dump file Name = X8507821_31.html
2/18 0:55:50|ChormeParserForMainURLDump|updateUrlOfEmbeddedUrlsOfWebpageDump|Main url dump file is not existing. Dump file Name = test_rum_5.html
2/18 0:55:50|ChormeParserForMainURLDump|updateUrlOfEmbeddedUrlsOfWebpageDump|Main url dump file is not existing. Dump file Name = test_rum_6.html
2/18 0:55:51|ChormeParserForMainURLDump|updateUrlOfEmbeddedUrlsOfWebpageDump|Main url dump file is not existing. Dump file Name = N_bwo3yD1nohp5.html
2/18 0:55:51|ChormeParserForMainURLDump|updateUrlOfEmbeddedUrlsOfWebpageDump|Main url dump file is not existing. Dump file Name = userstoreinfo.html
2/18 0:55:51|ChormeParserForMainURLDump|updateUrlOfEmbeddedUrlsOfWebpageDump|Main url dump file is not existing. Dump file Name = googlemapurl.html
2/18 0:55:51|ChormeParserForMainURLDump|updateUrlOfEmbeddedUrlsOfWebpageDump|Main url dump file is not existing. Dump file Name = json.html
2/18 0:55:51|ChormeParserForMainURLDump|updateUrlOfEmbeddedUrlsOfWebpageDump|Main url dump file is not existing. Dump file Name = loadInitStores.html
2/18 0:55:52|ChormeParserForMainURLDump|updateUrlOfEmbeddedUrlsOfWebpageDump|Main url dump file is not existing. Dump file Name = datalayer_4.html
2/18 0:55:52|ChormeParserForMainURLDump|updateUrlOfEmbeddedUrlsOfWebpageDump|Main url dump file is not existing. Dump file Name = campaignConfig_json_4.html
2/18 0:55:52|ChormeParserForMainURLDump|updateUrlOfEmbeddedUrlsOfWebpageDump|Main url dump file is not existing. Dump file Name = certonaPriceData_jsp_43.html
2/18 0:55:52|ChormeParserForMainURLDump|updateUrlOfEmbeddedUrlsOfWebpageDump|Main url dump file is not existing. Dump file Name = certonaPriceData_jsp_44.html
2/18 0:55:52|ChormeParserForMainURLDump|updateUrlOfEmbeddedUrlsOfWebpageDump|Main url dump file is not existing. Dump file Name = certonaPriceData_jsp_45.html
2/18 0:55:52|ChormeParserForMainURLDump|updateUrlOfEmbeddedUrlsOfWebpageDump|Main url dump file is not existing. Dump file Name = certonaPriceData_jsp_46.html
2/18 0:55:52|ChormeParserForMainURLDump|updateUrlOfEmbeddedUrlsOfWebpageDump|Main url dump file is not existing. Dump file Name = certonaPriceData_jsp_47.html
2/18 0:55:52|ChormeParserForMainURLDump|updateUrlOfEmbeddedUrlsOfWebpageDump|Main url dump file is not existing. Dump file Name = certonaPriceData_jsp_48.html
2/18 0:55:52|ChormeParserForMainURLDump|updateUrlOfEmbeddedUrlsOfWebpageDump|Main url dump file is not existing. Dump file Name = certonaPriceData_jsp_49.html
2/18 0:55:52|ChormeParserForMainURLDump|updateUrlOfEmbeddedUrlsOfWebpageDump|Main url dump file is not existing. Dump file Name = certonaPriceData_jsp_50.html
2/18 0:55:52|ChormeParserForMainURLDump|updateUrlOfEmbeddedUrlsOfWebpageDump|Main url dump file is not existing. Dump file Name = certonaPriceData_jsp_51.html
2/18 0:55:52|ChormeParserForMainURLDump|updateUrlOfEmbeddedUrlsOfWebpageDump|Main url dump file is not existing. Dump file Name = certonaPriceData_jsp_52.html
2/18 0:55:52|ChormeParserForMainURLDump|updateUrlOfEmbeddedUrlsOfWebpageDump|Main url dump file is not existing. Dump file Name = certonaPriceData_jsp_53.html
2/18 0:55:54|ChormeParserForMainURLDump|updateUrlOfEmbeddedUrlsOfWebpageDump|Main url dump file is not existing. Dump file Name = certonaPriceData_jsp_54.html
2/18 0:55:54|ChormeParserForMainURLDump|updateUrlOfEmbeddedUrlsOfWebpageDump|Main url dump file is not existing. Dump file Name = X8507821_32.html
2/18 0:55:54|ChormeParserForMainURLDump|updateUrlOfEmbeddedUrlsOfWebpageDump|Main url dump file is not existing. Dump file Name = X8507821_33.html
2/18 0:55:54|ChormeParserForMainURLDump|updateUrlOfEmbeddedUrlsOfWebpageDump|Main url dump file is not existing. Dump file Name = test_rum_7.html
2/18 0:55:54|ChormeParserForMainURLDump|updateUrlOfEmbeddedUrlsOfWebpageDump|Main url dump file is not existing. Dump file Name = test_rum_8.html
2/18 0:55:54|ChormeParserForMainURLDump|updateUrlOfEmbeddedUrlsOfWebpageDump|Main url dump file is not existing. Dump file Name = index_5.html
2/18 0:55:54|ChormeParserForMainURLDump|updateUrlOfEmbeddedUrlsOfWebpageDump|Main url dump file is not existing. Dump file Name = X8507821_34.html
2/18 0:55:54|ChormeParserForMainURLDump|updateUrlOfEmbeddedUrlsOfWebpageDump|Main url dump file is not existing. Dump file Name = X8507821_35.html
2/18 0:55:55|ChormeParserForMainURLDump|updateUrlOfEmbeddedUrlsOfWebpageDump|Main url dump file is not existing. Dump file Name = X8507821_36.html
2/18 0:55:55|ChormeParserForMainURLDump|updateUrlOfEmbeddedUrlsOfWebpageDump|Main url dump file is not existing. Dump file Name = hoverpanel.html
2/18 0:55:55|ChormeParserForMainURLDump|updateUrlOfEmbeddedUrlsOfWebpageDump|Main url dump file is not existing. Dump file Name = X8507821_37.html
2/18 0:55:55|ChormeParserForMainURLDump|updateUrlOfEmbeddedUrlsOfWebpageDump|Main url dump file is not existing. Dump file Name = X8507821_38.html
2/18 0:55:55|ChormeParserForMainURLDump|updateUrlOfEmbeddedUrlsOfWebpageDump|Main url dump file is not existing. Dump file Name = X8507821_39.html
2/18 0:55:55|ChormeParserForMainURLDump|updateUrlOfEmbeddedUrlsOfWebpageDump|Main url dump file is not existing. Dump file Name = X8507821_40.html
2/18 0:55:55|ChormeParserForMainURLDump|updateUrlOfEmbeddedUrlsOfWebpageDump|Main url dump file is not existing. Dump file Name = X8507821_41.html
2/18 0:55:55|ChormeParserForMainURLDump|updateUrlOfEmbeddedUrlsOfWebpageDump|Main url dump file is not existing. Dump file Name = X8507821_42.html
2/18 0:55:55|ChormeParserForMainURLDump|updateUrlOfEmbeddedUrlsOfWebpageDump|Main url dump file is not existing. Dump file Name = X8507821_43.html
2/18 0:55:55|ChormeParserForMainURLDump|updateUrlOfEmbeddedUrlsOfWebpageDump|Main url dump file is not existing. Dump file Name = N_bwo3yD1nohp5Z1z0pezw.html
2/18 0:55:55|ChormeParserForMainURLDump|updateUrlOfEmbeddedUrlsOfWebpageDump|Main url dump file is not existing. Dump file Name = index_6.html
2/18 0:55:56|ChormeParserForMainURLDump|updateUrlOfEmbeddedUrlsOfWebpageDump|Main url dump file is not existing. Dump file Name = X8507821_44.html
2/18 0:55:56|ChormeParserForMainURLDump|updateUrlOfEmbeddedUrlsOfWebpageDump|Main url dump file is not existing. Dump file Name = X8507821_45.html
2/18 0:55:56|ChormeParserForMainURLDump|updateUrlOfEmbeddedUrlsOfWebpageDump|Main url dump file is not existing. Dump file Name = X8507821_46.html
2/18 0:55:56|ChormeParserForMainURLDump|updateUrlOfEmbeddedUrlsOfWebpageDump|Main url dump file is not existing. Dump file Name = X8507821_47.html
2/18 0:55:56|ChormeParserForMainURLDump|updateUrlOfEmbeddedUrlsOfWebpageDump|Main url dump file is not existing. Dump file Name = X8507821_48.html
2/18 0:55:56|ChormeParserForMainURLDump|updateUrlOfEmbeddedUrlsOfWebpageDump|Main url dump file is not existing. Dump file Name = X8507821_49.html
2/18 0:55:56|ChormeParserForMainURLDump|updateUrlOfEmbeddedUrlsOfWebpageDump|Main url dump file is not existing. Dump file Name = N_bwo3yD1nohp5Z1z0pezw_2.html
2/18 0:55:57|ChormeParserForMainURLDump|updateUrlOfEmbeddedUrlsOfWebpageDump|Main url dump file is not existing. Dump file Name = X8507821_50.html
2/18 0:55:57|ChormeParserForMainURLDump|updateUrlOfEmbeddedUrlsOfWebpageDump|Main url dump file is not existing. Dump file Name = X8507821_51.html
2/18 0:55:57|ChormeParserForMainURLDump|updateUrlOfEmbeddedUrlsOfWebpageDump|Main url dump file is not existing. Dump file Name = X8507821_52.html
2/18 0:55:57|ChormeParserForMainURLDump|updateUrlOfEmbeddedUrlsOfWebpageDump|Main url dump file is not existing. Dump file Name = X8507821_53.html
2/18 0:55:57|ChormeParserForMainURLDump|updateUrlOfEmbeddedUrlsOfWebpageDump|Main url dump file is not existing. Dump file Name = X8507821_54.html
2/18 0:55:57|ChormeParserForMainURLDump|updateUrlOfEmbeddedUrlsOfWebpageDump|Main url dump file is not existing. Dump file Name = X8507821_55.html
2/18 0:55:57|ChormeParserForMainURLDump|updateUrlOfEmbeddedUrlsOfWebpageDump|Main url dump file is not existing. Dump file Name = X8507821_56.html
2/18 0:55:57|ChormeParserForMainURLDump|updateUrlOfEmbeddedUrlsOfWebpageDump|Main url dump file is not existing. Dump file Name = X8507821_57.html
2/18 0:55:58|ChormeParserForMainURLDump|updateUrlOfEmbeddedUrlsOfWebpageDump|Main url dump file is not existing. Dump file Name = N_bwo3yD1nohp5Z1z0pezw_sort_.html
2/18 0:55:58|ChormeParserForMainURLDump|updateUrlOfEmbeddedUrlsOfWebpageDump|Main url dump file is not existing. Dump file Name = storeDetails_jsp_7.html
2/18 0:55:58|ChormeParserForMainURLDump|updateUrlOfEmbeddedUrlsOfWebpageDump|Main url dump file is not existing. Dump file Name = storeDetails_jsp_8.html
2/18 0:55:58|ChormeParserForMainURLDump|updateUrlOfEmbeddedUrlsOfWebpageDump|Main url dump file is not existing. Dump file Name = graphicalSKUOptions_jsp.html
2/18 0:55:58|ChormeParserForMainURLDump|updateUrlOfEmbeddedUrlsOfWebpageDump|Main url dump file is not existing. Dump file Name = N_bwo3yD1nohp5Z1z0pezw_sort__2.html
2/18 0:55:58|ChormeParserForMainURLDump|updateUrlOfEmbeddedUrlsOfWebpageDump|Main url dump file is not existing. Dump file Name = storeDetails_jsp_9.html
2/18 0:55:58|ChormeParserForMainURLDump|updateUrlOfEmbeddedUrlsOfWebpageDump|Main url dump file is not existing. Dump file Name = certonaPriceData_jsp_55.html
2/18 0:55:58|ChormeParserForMainURLDump|updateUrlOfEmbeddedUrlsOfWebpageDump|Main url dump file is not existing. Dump file Name = certonaPriceData_jsp_56.html
2/18 0:55:58|ChormeParserForMainURLDump|updateUrlOfEmbeddedUrlsOfWebpageDump|Main url dump file is not existing. Dump file Name = certonaPriceData_jsp_57.html
2/18 0:55:58|ChormeParserForMainURLDump|updateUrlOfEmbeddedUrlsOfWebpageDump|Main url dump file is not existing. Dump file Name = certonaPriceData_jsp_58.html
2/18 0:55:58|ChormeParserForMainURLDump|updateUrlOfEmbeddedUrlsOfWebpageDump|Main url dump file is not existing. Dump file Name = certonaPriceData_jsp_59.html
2/18 0:55:58|ChormeParserForMainURLDump|updateUrlOfEmbeddedUrlsOfWebpageDump|Main url dump file is not existing. Dump file Name = certonaPriceData_jsp_60.html
2/18 0:55:58|ChormeParserForMainURLDump|updateUrlOfEmbeddedUrlsOfWebpageDump|Main url dump file is not existing. Dump file Name = datalayer_5.html
2/18 0:55:59|ChormeParserForMainURLDump|updateUrlOfEmbeddedUrlsOfWebpageDump|Main url dump file is not existing. Dump file Name = campaignConfig_json_5.html
2/18 0:55:59|ChormeParserForMainURLDump|updateUrlOfEmbeddedUrlsOfWebpageDump|Main url dump file is not existing. Dump file Name = certonaPriceData_jsp_61.html
2/18 0:55:59|ChormeParserForMainURLDump|updateUrlOfEmbeddedUrlsOfWebpageDump|Main url dump file is not existing. Dump file Name = certonaPriceData_jsp_62.html
2/18 0:55:59|ChormeParserForMainURLDump|updateUrlOfEmbeddedUrlsOfWebpageDump|Main url dump file is not existing. Dump file Name = certonaPriceData_jsp_63.html
2/18 0:55:59|ChormeParserForMainURLDump|updateUrlOfEmbeddedUrlsOfWebpageDump|Main url dump file is not existing. Dump file Name = certonaPriceData_jsp_64.html
2/18 0:55:59|ChormeParserForMainURLDump|updateUrlOfEmbeddedUrlsOfWebpageDump|Main url dump file is not existing. Dump file Name = certonaPriceData_jsp_65.html
2/18 0:55:59|ChormeParserForMainURLDump|updateUrlOfEmbeddedUrlsOfWebpageDump|Main url dump file is not existing. Dump file Name = certonaPriceData_jsp_66.html
2/18 0:55:59|ChormeParserForMainURLDump|updateUrlOfEmbeddedUrlsOfWebpageDump|Main url dump file is not existing. Dump file Name = certonaPriceData_jsp_67.html
2/18 0:55:59|ChormeParserForMainURLDump|updateUrlOfEmbeddedUrlsOfWebpageDump|Main url dump file is not existing. Dump file Name = certonaPriceData_jsp_68.html
2/18 0:55:59|ChormeParserForMainURLDump|updateUrlOfEmbeddedUrlsOfWebpageDump|Main url dump file is not existing. Dump file Name = certonaPriceData_jsp_69.html
2/18 0:55:59|ChormeParserForMainURLDump|updateUrlOfEmbeddedUrlsOfWebpageDump|Main url dump file is not existing. Dump file Name = certonaPriceData_jsp_70.html
2/18 0:55:59|ChormeParserForMainURLDump|updateUrlOfEmbeddedUrlsOfWebpageDump|Main url dump file is not existing. Dump file Name = certonaPriceData_jsp_71.html
2/18 0:55:59|ChormeParserForMainURLDump|updateUrlOfEmbeddedUrlsOfWebpageDump|Main url dump file is not existing. Dump file Name = certonaPriceData_jsp_72.html
2/18 0:55:59|ChormeParserForMainURLDump|updateUrlOfEmbeddedUrlsOfWebpageDump|Main url dump file is not existing. Dump file Name = s23915887015876.html
2/18 0:55:59|ChormeParserForMainURLDump|updateUrlOfEmbeddedUrlsOfWebpageDump|Main url dump file is not existing. Dump file Name = certonaPriceData_jsp_73.html
2/18 0:55:59|ChormeParserForMainURLDump|updateUrlOfEmbeddedUrlsOfWebpageDump|Main url dump file is not existing. Dump file Name = certonaPriceData_jsp_74.html
2/18 0:55:59|ChormeParserForMainURLDump|updateUrlOfEmbeddedUrlsOfWebpageDump|Main url dump file is not existing. Dump file Name = certonaPriceData_jsp_75.html
2/18 0:55:59|ChormeParserForMainURLDump|updateUrlOfEmbeddedUrlsOfWebpageDump|Main url dump file is not existing. Dump file Name = certonaPriceData_jsp_76.html
2/18 0:55:59|ChormeParserForMainURLDump|updateUrlOfEmbeddedUrlsOfWebpageDump|Main url dump file is not existing. Dump file Name = certonaPriceData_jsp_77.html
2/18 0:55:59|ChormeParserForMainURLDump|updateUrlOfEmbeddedUrlsOfWebpageDump|Main url dump file is not existing. Dump file Name = certonaPriceData_jsp_78.html
2/18 0:55:59|ChormeParserForMainURLDump|updateUrlOfEmbeddedUrlsOfWebpageDump|Main url dump file is not existing. Dump file Name = certonaPriceData_jsp_79.html
2/18 0:55:59|ChormeParserForMainURLDump|updateUrlOfEmbeddedUrlsOfWebpageDump|Main url dump file is not existing. Dump file Name = certonaPriceData_jsp_80.html
2/18 0:56:0|ChormeParserForMainURLDump|updateUrlOfEmbeddedUrlsOfWebpageDump|Main url dump file is not existing. Dump file Name = certonaPriceData_jsp_81.html
2/18 0:56:0|ChormeParserForMainURLDump|updateUrlOfEmbeddedUrlsOfWebpageDump|Main url dump file is not existing. Dump file Name = certonaPriceData_jsp_82.html
2/18 0:56:0|ChormeParserForMainURLDump|updateUrlOfEmbeddedUrlsOfWebpageDump|Main url dump file is not existing. Dump file Name = certonaPriceData_jsp_83.html
2/18 0:56:1|ChormeParserForMainURLDump|updateUrlOfEmbeddedUrlsOfWebpageDump|Main url dump file is not existing. Dump file Name = certonaPriceData_jsp_84.html
2/18 0:56:1|ChormeParserForMainURLDump|updateUrlOfEmbeddedUrlsOfWebpageDump|Main url dump file is not existing. Dump file Name = collectorPost.html
2/18 0:56:1|ChormeParserForMainURLDump|updateUrlOfEmbeddedUrlsOfWebpageDump|Main url dump file is not existing. Dump file Name = X8507821_58.html
2/18 0:56:1|ChormeParserForMainURLDump|updateUrlOfEmbeddedUrlsOfWebpageDump|Main url dump file is not existing. Dump file Name = test_rum_9.html
2/18 0:56:1|ChormeParserForMainURLDump|updateUrlOfEmbeddedUrlsOfWebpageDump|Main url dump file is not existing. Dump file Name = test_rum_10.html
2/18 0:56:2|ChormeParserForMainURLDump|updateUrlOfEmbeddedUrlsOfWebpageDump|Main url dump file is not existing. Dump file Name = X8507821_59.html
2/18 0:56:2|ChormeParserForMainURLDump|updateUrlOfEmbeddedUrlsOfWebpageDump|Main url dump file is not existing. Dump file Name = X8507821_60.html
2/18 0:56:2|ChormeParserForMainURLDump|updateUrlOfEmbeddedUrlsOfWebpageDump|Main url dump file is not existing. Dump file Name = id_json.html
2/18 0:56:2|ChormeParserForMainURLDump|updateUrlOfEmbeddedUrlsOfWebpageDump|Main url dump file is not existing. Dump file Name = id_json_2.html
2/18 0:56:2|ChormeParserForMainURLDump|updateUrlOfEmbeddedUrlsOfWebpageDump|Main url dump file is not existing. Dump file Name = X8507821_61.html
2/18 0:56:2|ChormeParserForMainURLDump|updateUrlOfEmbeddedUrlsOfWebpageDump|Main url dump file is not existing. Dump file Name = X8507821_62.html
2/18 0:56:2|ChormeParserForMainURLDump|updateUrlOfEmbeddedUrlsOfWebpageDump|Main url dump file is not existing. Dump file Name = X8507821_63.html
2/18 0:56:2|ChormeParserForMainURLDump|updateUrlOfEmbeddedUrlsOfWebpageDump|Main url dump file is not existing. Dump file Name = X8507821_64.html
2/18 0:56:2|ChormeParserForMainURLDump|updateUrlOfEmbeddedUrlsOfWebpageDump|Main url dump file is not existing. Dump file Name = X8507821_65.html
2/18 0:56:2|ChormeParserForMainURLDump|updateUrlOfEmbeddedUrlsOfWebpageDump|Main url dump file is not existing. Dump file Name = X8507821_66.html
2/18 0:56:2|ChormeParserForMainURLDump|updateUrlOfEmbeddedUrlsOfWebpageDump|Main url dump file is not existing. Dump file Name = X8507821_67.html
2/18 0:56:2|ChormeParserForMainURLDump|updateUrlOfEmbeddedUrlsOfWebpageDump|Main url dump file is not existing. Dump file Name = X8507821_68.html
2/18 0:56:2|ChormeParserForMainURLDump|updateUrlOfEmbeddedUrlsOfWebpageDump|Main url dump file is not existing. Dump file Name = X8507821_69.html
2/18 0:56:2|ChromeUtils|generateUrlInfoListDetail|Exception in creating url_info.list file |Following is the stack trace:
java.lang.NullPointerException
	at com.netstorm.chromium.util.ChromeParserForMainURLDump.updateUrlOfResourceImages(ChromeParserForMainURLDump.java:413)
	at com.netstorm.chromium.util.ChromeUtils.generateUrlInfoListDetail(ChromeUtils.java:243)
	at com.netstorm.script.formatters.c.WebCFormattor.generateScripts(WebCFormattor.java:120)
	at com.netstorm.chromium.browser.ChromeMainFrame$7.onDisposed(ChromeMainFrame.java:380)
	at com.teamdev.jxbrowser.chromium.ad.run(SourceFile:1268)
	at com.teamdev.jxbrowser.chromium.internal.q.run(SourceFile:50)
	at java.util.concurrent.Executors$RunnableAdapter.call(Unknown Source)
	at java.util.concurrent.FutureTask.run(Unknown Source)
	at java.util.concurrent.ThreadPoolExecutor.runWorker(Unknown Source)
	at java.util.concurrent.ThreadPoolExecutor$Worker.run(Unknown Source)
	at java.lang.Thread.run(Unknown Source)
