6/12 0:56:3|ChomeSnapShotUtil|run|Exception in getting snapshot for url = http://10.10.30.8:81/tours/index.html|Following is the stack trace:
java.lang.IllegalArgumentException: image == null!
	at javax.imageio.ImageTypeSpecifier.createFromRenderedImage(Unknown Source)
	at javax.imageio.ImageIO.getWriter(Unknown Source)
	at javax.imageio.ImageIO.write(Unknown Source)
	at com.netstorm.chromium.util.ChromeSnapShotUtil.run(ChromeSnapShotUtil.java:127)
	at java.lang.Thread.run(Unknown Source)
6/12 0:57:19|ChromeUtils|getScreenShot|Exception in getting snapshot for url = https://clients1.google.com/tbproxy/af/query?client=Chromium|Following is the stack trace:
java.lang.NullPointerException
	at com.netstorm.chromium.util.ChromeUtils.getChomeScreenShot(ChromeUtils.java:93)
	at com.netstorm.chromium.browser.ChromeRecordingHttpListener.checkSplitTypeAndCaptureSnapShotForRequest(ChromeRecordingHttpListener.java:782)
	at com.netstorm.chromium.browser.ChromeRecordingHttpListener.dumpRequestHeaders(ChromeRecordingHttpListener.java:667)
	at com.netstorm.chromium.browser.ChromeRecordingHttpListener.onBeforeSendHeaders(ChromeRecordingHttpListener.java:200)
	at com.teamdev.jxbrowser.chromium.NetworkService$a.onMessageReceived(SourceFile:1535)
	at com.teamdev.jxbrowser.chromium.internal.ipc.q.a(SourceFile:1085)
	at com.teamdev.jxbrowser.chromium.internal.ipc.r.run(SourceFile:69)
	at com.teamdev.jxbrowser.chromium.internal.s.run(SourceFile:79)
	at java.util.concurrent.Executors$RunnableAdapter.call(Unknown Source)
	at java.util.concurrent.FutureTask.run(Unknown Source)
	at java.util.concurrent.ThreadPoolExecutor.runWorker(Unknown Source)
	at java.util.concurrent.ThreadPoolExecutor$Worker.run(Unknown Source)
	at java.lang.Thread.run(Unknown Source)
	at com.teamdev.jxbrowser.chromium.internal.GuardedThread.run(SourceFile:35)
6/12 0:57:20|ChromeUtils|getScreenShot|Exception in getting snapshot for url = https://clients1.google.com/tbproxy/af/query?client=Chromium|Following is the stack trace:
java.lang.NullPointerException
	at com.netstorm.chromium.util.ChromeUtils.getChomeScreenShot(ChromeUtils.java:93)
	at com.netstorm.chromium.browser.ChromeRecordingHttpListener.checkSplitOptionAndCaptureSnapShotForResponse(ChromeRecordingHttpListener.java:940)
	at com.netstorm.chromium.browser.ChromeRecordingHttpListener.dumpResponseHeaders(ChromeRecordingHttpListener.java:913)
	at com.netstorm.chromium.browser.ChromeRecordingHttpListener.onHeadersReceived(ChromeRecordingHttpListener.java:288)
	at com.teamdev.jxbrowser.chromium.NetworkService$a.onMessageReceived(SourceFile:1608)
	at com.teamdev.jxbrowser.chromium.internal.ipc.q.a(SourceFile:1085)
	at com.teamdev.jxbrowser.chromium.internal.ipc.r.run(SourceFile:69)
	at com.teamdev.jxbrowser.chromium.internal.s.run(SourceFile:79)
	at java.util.concurrent.Executors$RunnableAdapter.call(Unknown Source)
	at java.util.concurrent.FutureTask.run(Unknown Source)
	at java.util.concurrent.ThreadPoolExecutor.runWorker(Unknown Source)
	at java.util.concurrent.ThreadPoolExecutor$Worker.run(Unknown Source)
	at java.lang.Thread.run(Unknown Source)
	at com.teamdev.jxbrowser.chromium.internal.GuardedThread.run(SourceFile:35)
6/12 0:58:27|ChromeUtils|getScreenShot|Exception in getting snapshot for url = https://clients1.google.com/tbproxy/af/query?client=Chromium|Following is the stack trace:
java.lang.NullPointerException
	at com.netstorm.chromium.util.ChromeUtils.getChomeScreenShot(ChromeUtils.java:93)
	at com.netstorm.chromium.browser.ChromeRecordingHttpListener.checkSplitTypeAndCaptureSnapShotForRequest(ChromeRecordingHttpListener.java:782)
	at com.netstorm.chromium.browser.ChromeRecordingHttpListener.dumpRequestHeaders(ChromeRecordingHttpListener.java:667)
	at com.netstorm.chromium.browser.ChromeRecordingHttpListener.onBeforeSendHeaders(ChromeRecordingHttpListener.java:200)
	at com.teamdev.jxbrowser.chromium.NetworkService$a.onMessageReceived(SourceFile:1535)
	at com.teamdev.jxbrowser.chromium.internal.ipc.q.a(SourceFile:1085)
	at com.teamdev.jxbrowser.chromium.internal.ipc.r.run(SourceFile:69)
	at com.teamdev.jxbrowser.chromium.internal.s.run(SourceFile:79)
	at java.util.concurrent.Executors$RunnableAdapter.call(Unknown Source)
	at java.util.concurrent.FutureTask.run(Unknown Source)
	at java.util.concurrent.ThreadPoolExecutor.runWorker(Unknown Source)
	at java.util.concurrent.ThreadPoolExecutor$Worker.run(Unknown Source)
	at java.lang.Thread.run(Unknown Source)
	at com.teamdev.jxbrowser.chromium.internal.GuardedThread.run(SourceFile:35)
6/12 0:58:27|ChromeUtils|getScreenShot|Exception in getting snapshot for url = https://clients1.google.com/tbproxy/af/query?client=Chromium|Following is the stack trace:
java.lang.NullPointerException
	at com.netstorm.chromium.util.ChromeUtils.getChomeScreenShot(ChromeUtils.java:93)
	at com.netstorm.chromium.browser.ChromeRecordingHttpListener.checkSplitOptionAndCaptureSnapShotForResponse(ChromeRecordingHttpListener.java:940)
	at com.netstorm.chromium.browser.ChromeRecordingHttpListener.dumpResponseHeaders(ChromeRecordingHttpListener.java:913)
	at com.netstorm.chromium.browser.ChromeRecordingHttpListener.onHeadersReceived(ChromeRecordingHttpListener.java:288)
	at com.teamdev.jxbrowser.chromium.NetworkService$a.onMessageReceived(SourceFile:1608)
	at com.teamdev.jxbrowser.chromium.internal.ipc.q.a(SourceFile:1085)
	at com.teamdev.jxbrowser.chromium.internal.ipc.r.run(SourceFile:69)
	at com.teamdev.jxbrowser.chromium.internal.s.run(SourceFile:79)
	at java.util.concurrent.Executors$RunnableAdapter.call(Unknown Source)
	at java.util.concurrent.FutureTask.run(Unknown Source)
	at java.util.concurrent.ThreadPoolExecutor.runWorker(Unknown Source)
	at java.util.concurrent.ThreadPoolExecutor$Worker.run(Unknown Source)
	at java.lang.Thread.run(Unknown Source)
	at com.teamdev.jxbrowser.chromium.internal.GuardedThread.run(SourceFile:35)
6/12 0:59:35|ChromeUtils|getScreenShot|Exception in getting snapshot for url = https://www.googleapis.com/rpc|Following is the stack trace:
java.lang.NullPointerException
	at com.netstorm.chromium.util.ChromeUtils.getChomeScreenShot(ChromeUtils.java:93)
	at com.netstorm.chromium.browser.ChromeRecordingHttpListener.checkSplitTypeAndCaptureSnapShotForRequest(ChromeRecordingHttpListener.java:782)
	at com.netstorm.chromium.browser.ChromeRecordingHttpListener.dumpRequestHeaders(ChromeRecordingHttpListener.java:667)
	at com.netstorm.chromium.browser.ChromeRecordingHttpListener.onBeforeSendHeaders(ChromeRecordingHttpListener.java:200)
	at com.teamdev.jxbrowser.chromium.NetworkService$a.onMessageReceived(SourceFile:1535)
	at com.teamdev.jxbrowser.chromium.internal.ipc.q.a(SourceFile:1085)
	at com.teamdev.jxbrowser.chromium.internal.ipc.r.run(SourceFile:69)
	at com.teamdev.jxbrowser.chromium.internal.s.run(SourceFile:79)
	at java.util.concurrent.Executors$RunnableAdapter.call(Unknown Source)
	at java.util.concurrent.FutureTask.run(Unknown Source)
	at java.util.concurrent.ThreadPoolExecutor.runWorker(Unknown Source)
	at java.util.concurrent.ThreadPoolExecutor$Worker.run(Unknown Source)
	at java.lang.Thread.run(Unknown Source)
	at com.teamdev.jxbrowser.chromium.internal.GuardedThread.run(SourceFile:35)
6/12 0:59:36|ChromeUtils|getScreenShot|Exception in getting snapshot for url = https://www.googleapis.com/rpc|Following is the stack trace:
java.lang.NullPointerException
	at com.netstorm.chromium.util.ChromeUtils.getChomeScreenShot(ChromeUtils.java:93)
	at com.netstorm.chromium.browser.ChromeRecordingHttpListener.checkSplitOptionAndCaptureSnapShotForResponse(ChromeRecordingHttpListener.java:940)
	at com.netstorm.chromium.browser.ChromeRecordingHttpListener.dumpResponseHeaders(ChromeRecordingHttpListener.java:913)
	at com.netstorm.chromium.browser.ChromeRecordingHttpListener.onHeadersReceived(ChromeRecordingHttpListener.java:288)
	at com.teamdev.jxbrowser.chromium.NetworkService$a.onMessageReceived(SourceFile:1608)
	at com.teamdev.jxbrowser.chromium.internal.ipc.q.a(SourceFile:1085)
	at com.teamdev.jxbrowser.chromium.internal.ipc.r.run(SourceFile:69)
	at com.teamdev.jxbrowser.chromium.internal.s.run(SourceFile:79)
	at java.util.concurrent.Executors$RunnableAdapter.call(Unknown Source)
	at java.util.concurrent.FutureTask.run(Unknown Source)
	at java.util.concurrent.ThreadPoolExecutor.runWorker(Unknown Source)
	at java.util.concurrent.ThreadPoolExecutor$Worker.run(Unknown Source)
	at java.lang.Thread.run(Unknown Source)
	at com.teamdev.jxbrowser.chromium.internal.GuardedThread.run(SourceFile:35)
